<?xml version="1.0" encoding="UTF-8"?>
<Site BuildName="(empty)"
	BuildStamp="20240408-1710-Experimental"
	Name="merce-P65"
	Generator="ctest-3.29.0"
	CompilerName="/usr/bin/c++"
	CompilerVersion="11.4.0"
	OSName="Linux"
	Hostname="merce-P65"
	OSRelease="6.5.0-27-generic"
	OSVersion="#28~22.04.1-Ubuntu SMP PREEMPT_DYNAMIC Fri Mar 15 10:51:06 UTC 2"
	OSPlatform="x86_64"
	Is64Bits="1"
	VendorString="GenuineIntel"
	VendorID="Intel Corporation"
	FamilyID="6"
	ModelID="158"
	ProcessorCacheSize="9216"
	NumberOfLogicalCPU="12"
	NumberOfPhysicalCPU="6"
	TotalVirtualMemory="2047"
	TotalPhysicalMemory="15823"
	LogicalProcessorsPerPhysical="2"
	ProcessorClockFrequency="3218.5"
	>
	<Testing>
		<StartDateTime>Apr 08 20:31 CEST</StartDateTime>
		<StartTestTime>1712601076</StartTestTime>
		<TestList/>
		<EndDateTime>Apr 08 20:31 CEST</EndDateTime>
		<EndTestTime>1712601076</EndTestTime>
		<ElapsedMinutes>0</ElapsedMinutes>
	</Testing>
</Site>
